<?xml version="1.1" encoding="UTF-8"?>
<testsuite name="RomanNumeralSpec" tests="1" failures="0" errors="0" timestamp="2014-03-07T02:38:49" hostname="Agartha.local" time="0.095">
  <properties/>
  <testcase name="RomanNumerals can translate 1 to Roman" classname="RomanNumeralSpec" time="0.095"/>
  <system-out><![CDATA[]]></system-out>
  <system-err><![CDATA[]]></system-err>
</testsuite>
